<?xml version="1.0" encoding="UTF-8"?>
<testng-results skipped="0" failed="0" ignored="0" total="1" passed="1">
  <reporter-output>
  </reporter-output>
  <suite name="Suite" duration-ms="28144" started-at="2019-03-31T09:46:19Z" finished-at="2019-03-31T09:46:48Z">
    <groups>
    </groups>
    <test name="learnAttributes" duration-ms="28144" started-at="2019-03-31T09:46:19Z" finished-at="2019-03-31T09:46:48Z">
      <class name="week5.day1.Learningtestng.Edit_Lead">
        <test-method status="PASS" signature="login_Confiquaration(java.lang.String, java.lang.String, java.lang.String)[pri:0, instance:week5.day1.Learningtestng.Edit_Lead@5700d6b1]" name="login_Confiquaration" is-config="true" duration-ms="6087" started-at="2019-03-31T09:46:20Z" finished-at="2019-03-31T09:46:26Z">
          <params>
            <param index="0">
              <value>
                <![CDATA[http://leaftaps.com/opentaps/control/main]]>
              </value>
            </param>
            <param index="1">
              <value>
                <![CDATA[demosalesmanager]]>
              </value>
            </param>
            <param index="2">
              <value>
                <![CDATA[crmsfa]]>
              </value>
            </param>
          </params>
          <reporter-output>
          </reporter-output>
        </test-method> <!-- login_Confiquaration -->
        <test-method status="PASS" signature="edit_Lead()[pri:0, instance:week5.day1.Learningtestng.Edit_Lead@5700d6b1]" name="edit_Lead" duration-ms="19569" started-at="2019-03-31T09:46:26Z" finished-at="2019-03-31T09:46:45Z">
          <reporter-output>
          </reporter-output>
        </test-method> <!-- edit_Lead -->
        <test-method status="PASS" signature="close()[pri:0, instance:week5.day1.Learningtestng.Edit_Lead@5700d6b1]" name="close" is-config="true" duration-ms="2172" started-at="2019-03-31T09:46:45Z" finished-at="2019-03-31T09:46:48Z">
          <reporter-output>
          </reporter-output>
        </test-method> <!-- close -->
      </class> <!-- week5.day1.Learningtestng.Edit_Lead -->
    </test> <!-- learnAttributes -->
  </suite> <!-- Suite -->
</testng-results>
