<?xml version="1.0" encoding="UTF-8"?>
<testng-results skipped="0" failed="0" ignored="0" total="1" passed="1">
  <reporter-output>
  </reporter-output>
  <suite name="Suite" duration-ms="14346" started-at="2019-04-08T13:54:05Z" finished-at="2019-04-08T13:54:19Z">
    <groups>
      <group name="cucumber">
        <method signature="AbstractTestNGCucumberTests.runScenario(cucumber.api.testng.PickleEventWrapper, cucumber.api.testng.CucumberFeatureWrapper)[pri:0, instance:runner.Runner@5bc79255]" name="runScenario" class="cucumber.api.testng.AbstractTestNGCucumberTests"/>
      </group> <!-- cucumber -->
    </groups>
    <test name="Test" duration-ms="14346" started-at="2019-04-08T13:54:05Z" finished-at="2019-04-08T13:54:19Z">
      <class name="runner.Runner">
        <test-method status="PASS" signature="startReport()[pri:0, instance:runner.Runner@5bc79255]" name="startReport" is-config="true" duration-ms="1203" started-at="2019-04-08T13:54:04Z" finished-at="2019-04-08T13:54:05Z">
          <reporter-output>
          </reporter-output>
        </test-method> <!-- startReport -->
        <test-method status="PASS" signature="setData()[pri:0, instance:runner.Runner@5bc79255]" name="setData" is-config="true" duration-ms="1" started-at="2019-04-08T13:54:05Z" finished-at="2019-04-08T13:54:05Z">
          <reporter-output>
          </reporter-output>
        </test-method> <!-- setData -->
        <test-method status="PASS" signature="setUpClass()[pri:0, instance:runner.Runner@5bc79255]" name="setUpClass" is-config="true" duration-ms="348" started-at="2019-04-08T13:54:05Z" finished-at="2019-04-08T13:54:06Z">
          <reporter-output>
          </reporter-output>
        </test-method> <!-- setUpClass -->
        <test-method status="PASS" signature="report()[pri:0, instance:runner.Runner@5bc79255]" name="report" is-config="true" duration-ms="16" started-at="2019-04-08T13:54:06Z" finished-at="2019-04-08T13:54:06Z">
          <reporter-output>
          </reporter-output>
        </test-method> <!-- report -->
        <test-method status="PASS" signature="beforeMethod()[pri:0, instance:runner.Runner@5bc79255]" name="beforeMethod" is-config="true" duration-ms="10586" started-at="2019-04-08T13:54:06Z" finished-at="2019-04-08T13:54:16Z">
          <reporter-output>
          </reporter-output>
        </test-method> <!-- beforeMethod -->
        <test-method status="PASS" signature="runScenario(cucumber.api.testng.PickleEventWrapper, cucumber.api.testng.CucumberFeatureWrapper)[pri:0, instance:runner.Runner@5bc79255]" name="runScenario" duration-ms="2945" started-at="2019-04-08T13:54:16Z" description="Runs Cucumber Scenarios" data-provider="scenarios" finished-at="2019-04-08T13:54:19Z">
          <params>
            <param index="0">
              <value>
                <![CDATA["Login"]]>
              </value>
            </param>
            <param index="1">
              <value>
                <![CDATA["Login"]]>
              </value>
            </param>
          </params>
          <reporter-output>
          </reporter-output>
        </test-method> <!-- runScenario -->
        <test-method status="PASS" signature="afterMethod()[pri:0, instance:runner.Runner@5bc79255]" name="afterMethod" is-config="true" duration-ms="226" started-at="2019-04-08T13:54:19Z" finished-at="2019-04-08T13:54:19Z">
          <reporter-output>
          </reporter-output>
        </test-method> <!-- afterMethod -->
        <test-method status="PASS" signature="tearDownClass()[pri:0, instance:runner.Runner@5bc79255]" name="tearDownClass" is-config="true" duration-ms="12" started-at="2019-04-08T13:54:19Z" finished-at="2019-04-08T13:54:19Z">
          <reporter-output>
          </reporter-output>
        </test-method> <!-- tearDownClass -->
        <test-method status="PASS" signature="stopReport()[pri:0, instance:runner.Runner@5bc79255]" name="stopReport" is-config="true" duration-ms="986" started-at="2019-04-08T13:54:20Z" finished-at="2019-04-08T13:54:21Z">
          <reporter-output>
          </reporter-output>
        </test-method> <!-- stopReport -->
      </class> <!-- runner.Runner -->
    </test> <!-- Test -->
  </suite> <!-- Suite -->
</testng-results>
